

Started GET "/" for 127.0.0.1 at 2014-07-02 13:22:34 -0500
Processing by VisitorsController#new as HTML
  Rendered visitors/new.html.erb within layouts/application (2.0ms)
  Rendered layouts/_navigation_links.html.erb (0.8ms)
  Rendered layouts/_navigation.html.erb (3.2ms)
  Rendered layouts/_messages.html.erb (0.5ms)
Completed 200 OK in 3221ms (Views: 3211.1ms | ActiveRecord: 0.0ms)


Started GET "/contacts/new" for 127.0.0.1 at 2014-07-02 13:22:42 -0500
Processing by ContactsController#new as HTML
  Rendered contacts/new.html.erb within layouts/application (45.2ms)
  Rendered layouts/_navigation_links.html.erb (0.4ms)
  Rendered layouts/_navigation.html.erb (1.5ms)
  Rendered layouts/_messages.html.erb (0.4ms)
Completed 200 OK in 86ms (Views: 58.3ms | ActiveRecord: 0.0ms)


Started GET "/pages/about" for 127.0.0.1 at 2014-07-02 13:22:44 -0500
Processing by HighVoltage::PagesController#show as HTML
  Parameters: {"id"=>"about"}
  Rendered pages/about.html.erb within layouts/application (0.7ms)
  Rendered layouts/_navigation_links.html.erb (2.8ms)
  Rendered layouts/_navigation.html.erb (7.5ms)
  Rendered layouts/_messages.html.erb (0.3ms)
Completed 200 OK in 48ms (Views: 47.2ms | ActiveRecord: 0.0ms)
